[Sat, 2. Mar 2024 03:22:28 UTC | ID 1138919479884120197] xleeh: kill misfik
[Sat, 2. Mar 2024 03:24:46 UTC | ID 625171043606200361] mejis: gamemode 0 MejisGo
[Sat, 2. Mar 2024 03:24:52 UTC | ID 625171043606200361] mejis: kill MejisGo
[Sat, 2. Mar 2024 03:25:13 UTC | ID 625171043606200361] mejis: fly MejisGo
[Sat, 2. Mar 2024 03:25:40 UTC | ID 625171043606200361] mejis: give MejisGo Chest 1
[Sat, 2. Mar 2024 03:26:04 UTC | ID 625171043606200361] mejis: clear MejisGo
[Sat, 2. Mar 2024 03:34:17 UTC | ID 625171043606200361] mejis: fly MejisGo
[Sat, 2. Mar 2024 03:47:54 UTC | ID 625171043606200361] mejis: stop
[Sat, 2. Mar 2024 04:43:44 UTC | ID 625171043606200361] mejis: lp group default permission set essentials.back
[Sat, 2. Mar 2024 04:43:47 UTC | ID 625171043606200361] mejis: lp group default permission set essentials.backondeath
[Sat, 2. Mar 2024 04:44:41 UTC | ID 1138919479884120197] xleeh: tp xleh 1621 1882 68
[Sat, 2. Mar 2024 04:45:30 UTC | ID 625171043606200361] mejis: tp MejisGo 1610 94 1899
[Sat, 2. Mar 2024 04:46:57 UTC | ID 625171043606200361] mejis: tp MejisGo 1610 94 1899
[Sat, 2. Mar 2024 04:47:18 UTC | ID 625171043606200361] mejis: tp xleh 1610 94 1899
[Sat, 2. Mar 2024 04:47:21 UTC | ID 625171043606200361] mejis: tp MejisGo 1610 94 1899
[Sat, 2. Mar 2024 04:47:58 UTC | ID 625171043606200361] mejis: lp group default permission set essentials.back.ondeath
[Sat, 2. Mar 2024 04:48:12 UTC | ID 625171043606200361] mejis: tp xleh 1610 94 1899
[Sat, 2. Mar 2024 04:48:13 UTC | ID 1138919479884120197] xleeh: tp xleh 1610 94 1899
[Sat, 2. Mar 2024 04:48:13 UTC | ID 625171043606200361] mejis: tp MejisGo 1610 94 1899
[Sat, 2. Mar 2024 04:48:21 UTC | ID 1138919479884120197] xleeh: tp MejisGo 1610 94 1899
[Sat, 2. Mar 2024 06:20:12 UTC | ID 625171043606200361] mejis: weather clear
[Sat, 2. Mar 2024 15:12:09 UTC | ID 1138919479884120197] xleeh: kill xleh
[Sat, 2. Mar 2024 23:15:07 UTC | ID 625171043606200361] mejis: give ZeffiesPx travelersbackpack:diamond 1
