[Fri, 1. Mar 2024 18:54:12 UTC | ID 1138919479884120197] xleeh: <:manew:1012492110697603174>
[Fri, 1. Mar 2024 18:58:56 UTC | ID 1138919479884120197] xleeh: ip
[Fri, 1. Mar 2024 19:51:56 UTC | ID 625171043606200361] mejis: bc a
[Fri, 1. Mar 2024 19:52:04 UTC | ID 625171043606200361] mejis: broadcast Hola
[Fri, 1. Mar 2024 19:52:08 UTC | ID 625171043606200361] mejis: say a
[Fri, 1. Mar 2024 19:52:18 UTC | ID 625171043606200361] mejis: say voy a reiniciar
[Fri, 1. Mar 2024 19:52:18 UTC | ID 625171043606200361] mejis: say voy a reiniciar
[Fri, 1. Mar 2024 19:52:18 UTC | ID 625171043606200361] mejis: say voy a reiniciar
[Fri, 1. Mar 2024 19:52:19 UTC | ID 625171043606200361] mejis: say voy a reiniciar
[Fri, 1. Mar 2024 19:52:19 UTC | ID 625171043606200361] mejis: say voy a reiniciar
[Fri, 1. Mar 2024 19:52:19 UTC | ID 625171043606200361] mejis: say voy a reiniciar
[Fri, 1. Mar 2024 19:52:20 UTC | ID 625171043606200361] mejis: say voy a reiniciar
[Fri, 1. Mar 2024 19:52:20 UTC | ID 625171043606200361] mejis: say voy a reiniciar
[Fri, 1. Mar 2024 19:52:20 UTC | ID 625171043606200361] mejis: say voy a reiniciar
[Fri, 1. Mar 2024 19:52:20 UTC | ID 625171043606200361] mejis: say voy a reiniciar
[Fri, 1. Mar 2024 19:52:21 UTC | ID 625171043606200361] mejis: say voy a reiniciar
[Fri, 1. Mar 2024 20:03:46 UTC | ID 1138919479884120197] xleeh: say Hola weones
[Fri, 1. Mar 2024 20:04:14 UTC | ID 1138919479884120197] xleeh: say :c
[Fri, 1. Mar 2024 20:12:13 UTC | ID 625171043606200361] mejis: whois MejisGo
[Fri, 1. Mar 2024 20:13:05 UTC | ID 625171043606200361] mejis: whois MejisGo
[Fri, 1. Mar 2024 20:13:53 UTC | ID 1138919479884120197] xleeh: gamemode 1 xleh
[Fri, 1. Mar 2024 20:13:59 UTC | ID 1138919479884120197] xleeh: gamemode 0 xleh
[Fri, 1. Mar 2024 20:18:51 UTC | ID 625171043606200361] mejis: lp group default permission set essentials.tpa
[Fri, 1. Mar 2024 20:20:04 UTC | ID 625171043606200361] mejis: lp reloadconfig
[Fri, 1. Mar 2024 20:20:34 UTC | ID 625171043606200361] mejis: reload
[Fri, 1. Mar 2024 20:21:31 UTC | ID 625171043606200361] mejis: lp user MejisGo permission set essentials.*
[Fri, 1. Mar 2024 21:42:52 UTC | ID 1138919479884120197] xleeh: kill xleh
[Fri, 1. Mar 2024 21:52:29 UTC | ID 1138919479884120197] xleeh: tp xleh mejisgo
